<?xml version="1.0" encoding="UTF-8"?>
<!-- Generated by org.testng.reporters.JUnitReportReporter -->
<testsuite hostname="DESKTOP-F7SHF1O" failures="0" tests="1" name="com.orangehrm.tests.TS2_AdminTest" time="25.640" errors="0" timestamp="21 Dec 2022 03:46:36 GMT" skipped="0">
  <testcase classname="com.orangehrm.tests.TS2_AdminTest" name="provideAccessToEmployee" time="25.640"/>
</testsuite> <!-- com.orangehrm.tests.TS2_AdminTest -->
