<?xml version="1.0" encoding="UTF-8"?>
<!-- Generated by org.testng.reporters.JUnitReportReporter -->
<testsuite hostname="DESKTOP-F7SHF1O" failures="0" tests="1" name="com.orangehrm.tests.AdminTest" time="19.041" errors="0" timestamp="15 Dec 2022 03:50:09 GMT" skipped="0">
  <testcase classname="com.orangehrm.tests.AdminTest" name="provideAccessToEmployee" time="19.041"/>
</testsuite> <!-- com.orangehrm.tests.AdminTest -->
