<?xml version="1.0" encoding="UTF-8"?>
<!-- Generated by org.testng.reporters.JUnitReportReporter -->
<testsuite hostname="DESKTOP-F7SHF1O" failures="0" tests="1" name="AdminTest" time="21.580" errors="0" timestamp="07 Dec 2022 04:03:58 GMT" skipped="0">
  <testcase classname="AdminTest" name="provideAccessToEmployee" time="21.580"/>
</testsuite> <!-- AdminTest -->
