<?xml version="1.0" encoding="UTF-8"?>
<!-- Generated by org.testng.reporters.JUnitReportReporter -->
<testsuite hostname="DESKTOP-F7SHF1O" failures="0" tests="1" name="com.orangehrm.tests.PIMTests" time="31.441" errors="0" timestamp="20 Dec 2022 03:40:03 GMT" skipped="0">
  <testcase classname="com.orangehrm.tests.PIMTests" name="createEmployeeFromPIM" time="31.441"/>
</testsuite> <!-- com.orangehrm.tests.PIMTests -->
