<?xml version="1.0" encoding="UTF-8"?>
<!-- Generated by org.testng.reporters.JUnitReportReporter -->
<testsuite hostname="DESKTOP-F7SHF1O" failures="0" tests="1" name="com.orangehrm.tests.TSAdminTest" time="22.223" errors="0" timestamp="21 Dec 2022 04:17:04 GMT" skipped="0">
  <testcase classname="com.orangehrm.tests.TSAdminTest" name="provideAccessToEmployee" time="22.223"/>
</testsuite> <!-- com.orangehrm.tests.TSAdminTest -->
