<?xml version="1.0" encoding="UTF-8"?>
<!-- Generated by org.testng.reporters.JUnitReportReporter -->
<testsuite skipped="0" hostname="DESKTOP-F7SHF1O" name="com.orangehrm.tests.TC_Admin_002" tests="1" failures="0" timestamp="31 Dec 2022 04:04:05 GMT" time="15.495" errors="0">
  <testcase name="provideAccessToEmployee" time="15.495" classname="com.orangehrm.tests.TC_Admin_002"/>
</testsuite> <!-- com.orangehrm.tests.TC_Admin_002 -->
